2025-07-21 15:29:44,791 - WARNING - Boucle EMA 5m démarrée (vérification toutes les 5s)
2025-07-21 15:29:54,792 - WARNING - RAM utilisée : 95.3% | CPU : 0.0%
2025-07-21 15:30:09,875 - WARNING - RAM utilisée : 93.3% | CPU : 26.1%
2025-07-21 15:30:24,923 - WARNING - RAM utilisée : 92.3% | CPU : 9.1%
2025-07-21 15:30:40,003 - WARNING - RAM utilisée : 93.0% | CPU : 8.8%
2025-07-21 15:30:55,037 - WARNING - RAM utilisée : 94.9% | CPU : 8.9%
2025-07-21 15:31:10,102 - WARNING - RAM utilisée : 91.0% | CPU : 10.3%
2025-07-21 15:31:25,138 - WARNING - RAM utilisée : 89.0% | CPU : 24.2%
2025-07-21 15:31:40,185 - WARNING - RAM utilisée : 83.0% | CPU : 9.4%
2025-07-21 15:31:55,221 - WARNING - RAM utilisée : 83.5% | CPU : 8.2%
2025-07-21 15:32:04,486 - WARNING - Ordre déjà annulé ou exécuté (id: 13483376226)
2025-07-21 15:32:05,442 - WARNING - Ordre déjà annulé ou exécuté (id: 13483376659)
2025-07-21 15:32:10,284 - WARNING - RAM utilisée : 83.8% | CPU : 7.3%
2025-07-21 15:32:25,333 - WARNING - RAM utilisée : 86.5% | CPU : 9.4%
2025-07-21 15:32:40,383 - WARNING - RAM utilisée : 87.9% | CPU : 8.6%
2025-07-21 15:32:55,420 - WARNING - RAM utilisée : 86.6% | CPU : 25.3%
2025-07-21 15:33:10,483 - WARNING - RAM utilisée : 86.0% | CPU : 10.7%
2025-07-21 15:33:25,529 - WARNING - RAM utilisée : 87.2% | CPU : 10.5%
2025-07-21 15:33:40,567 - WARNING - RAM utilisée : 88.0% | CPU : 12.3%
2025-07-21 15:33:55,648 - WARNING - RAM utilisée : 90.2% | CPU : 38.7%
2025-07-21 15:34:10,692 - WARNING - RAM utilisée : 91.9% | CPU : 49.3%
2025-07-21 15:34:25,740 - WARNING - RAM utilisée : 89.1% | CPU : 10.1%
2025-07-21 15:34:40,798 - WARNING - RAM utilisée : 92.3% | CPU : 10.3%
2025-07-21 15:34:55,845 - WARNING - RAM utilisée : 94.1% | CPU : 50.8%
2025-07-21 15:35:10,909 - WARNING - RAM utilisée : 93.7% | CPU : 52.5%
2025-07-21 15:35:25,960 - WARNING - RAM utilisée : 92.6% | CPU : 13.0%
2025-07-21 15:35:41,018 - WARNING - RAM utilisée : 90.8% | CPU : 10.7%
2025-07-21 15:35:56,174 - WARNING - RAM utilisée : 93.2% | CPU : 17.5%
2025-07-21 15:36:11,243 - WARNING - RAM utilisée : 92.4% | CPU : 24.7%
2025-07-21 15:36:26,373 - WARNING - RAM utilisée : 95.6% | CPU : 23.7%
2025-07-21 15:36:41,802 - WARNING - RAM utilisée : 86.6% | CPU : 35.6%
2025-07-21 15:36:56,877 - WARNING - RAM utilisée : 87.7% | CPU : 12.6%
2025-07-21 15:37:11,952 - WARNING - RAM utilisée : 87.6% | CPU : 15.9%
2025-07-21 15:37:27,064 - WARNING - RAM utilisée : 90.5% | CPU : 19.2%
2025-07-21 15:37:42,117 - WARNING - RAM utilisée : 91.5% | CPU : 14.6%
2025-07-21 15:37:57,220 - WARNING - RAM utilisée : 92.1% | CPU : 19.3%
2025-07-21 15:38:12,323 - WARNING - RAM utilisée : 92.1% | CPU : 11.8%
2025-07-21 15:38:27,385 - WARNING - RAM utilisée : 90.8% | CPU : 30.9%
2025-07-21 15:38:42,434 - WARNING - RAM utilisée : 91.0% | CPU : 8.8%
2025-07-21 15:38:57,468 - WARNING - RAM utilisée : 91.4% | CPU : 8.9%
2025-07-21 15:39:12,523 - WARNING - RAM utilisée : 91.4% | CPU : 8.7%
2025-07-21 15:39:27,574 - WARNING - RAM utilisée : 92.3% | CPU : 8.0%
2025-07-21 15:39:42,621 - WARNING - RAM utilisée : 93.4% | CPU : 9.5%
2025-07-21 15:39:57,676 - WARNING - RAM utilisée : 96.7% | CPU : 18.1%
2025-07-21 15:40:12,747 - WARNING - RAM utilisée : 87.4% | CPU : 38.7%
2025-07-21 15:40:27,784 - WARNING - RAM utilisée : 87.9% | CPU : 8.4%
2025-07-21 15:40:42,829 - WARNING - RAM utilisée : 89.3% | CPU : 9.2%
2025-07-21 15:40:57,869 - WARNING - RAM utilisée : 91.8% | CPU : 8.8%
2025-07-21 15:41:12,961 - WARNING - RAM utilisée : 92.9% | CPU : 30.7%
2025-07-21 15:41:28,017 - WARNING - RAM utilisée : 95.0% | CPU : 37.2%
2025-07-21 15:41:43,116 - WARNING - RAM utilisée : 83.5% | CPU : 42.6%
2025-07-21 15:41:58,196 - WARNING - RAM utilisée : 77.5% | CPU : 46.3%
2025-07-21 15:42:13,274 - WARNING - RAM utilisée : 79.0% | CPU : 29.4%
2025-07-21 15:42:28,436 - WARNING - RAM utilisée : 83.3% | CPU : 35.9%
2025-07-21 15:42:43,512 - WARNING - RAM utilisée : 83.8% | CPU : 47.6%
2025-07-21 15:42:58,573 - WARNING - RAM utilisée : 84.0% | CPU : 45.6%
2025-07-21 15:43:13,641 - WARNING - RAM utilisée : 86.4% | CPU : 67.5%
2025-07-21 15:43:28,815 - WARNING - RAM utilisée : 85.7% | CPU : 52.7%
2025-07-21 15:43:43,949 - WARNING - RAM utilisée : 85.7% | CPU : 36.3%
2025-07-21 15:43:59,027 - WARNING - RAM utilisée : 84.3% | CPU : 27.0%
2025-07-21 15:44:14,075 - WARNING - RAM utilisée : 81.9% | CPU : 21.7%
2025-07-21 15:44:29,139 - WARNING - RAM utilisée : 85.4% | CPU : 56.8%
2025-07-21 15:44:44,288 - WARNING - RAM utilisée : 88.4% | CPU : 70.2%
2025-07-21 15:44:59,356 - WARNING - RAM utilisée : 88.0% | CPU : 13.1%
2025-07-21 15:45:14,412 - WARNING - RAM utilisée : 86.4% | CPU : 14.7%
2025-07-21 15:45:29,468 - WARNING - RAM utilisée : 85.7% | CPU : 13.9%
2025-07-21 15:45:44,506 - WARNING - RAM utilisée : 85.9% | CPU : 10.8%
2025-07-21 15:45:59,596 - WARNING - RAM utilisée : 87.6% | CPU : 11.5%
2025-07-21 15:46:14,628 - WARNING - RAM utilisée : 87.7% | CPU : 8.4%
2025-07-21 15:46:29,675 - WARNING - RAM utilisée : 87.0% | CPU : 7.4%
2025-07-21 15:46:44,746 - WARNING - RAM utilisée : 84.3% | CPU : 9.4%
2025-07-21 15:46:59,791 - WARNING - RAM utilisée : 84.6% | CPU : 12.6%
2025-07-21 15:47:14,826 - WARNING - RAM utilisée : 85.2% | CPU : 11.9%
2025-07-21 15:47:29,876 - WARNING - RAM utilisée : 84.6% | CPU : 12.6%
2025-07-21 15:47:44,921 - WARNING - RAM utilisée : 84.6% | CPU : 9.2%
2025-07-21 15:47:59,975 - WARNING - RAM utilisée : 84.4% | CPU : 9.9%
2025-07-21 15:48:15,024 - WARNING - RAM utilisée : 87.6% | CPU : 14.7%
2025-07-21 15:48:30,123 - WARNING - RAM utilisée : 87.9% | CPU : 15.6%
2025-07-21 15:48:45,211 - WARNING - RAM utilisée : 87.2% | CPU : 23.5%
2025-07-21 15:49:00,275 - WARNING - RAM utilisée : 88.7% | CPU : 8.2%
2025-07-21 15:49:15,313 - WARNING - RAM utilisée : 88.7% | CPU : 8.3%
2025-07-21 15:49:30,357 - WARNING - RAM utilisée : 89.6% | CPU : 7.6%
2025-07-21 15:49:45,415 - WARNING - RAM utilisée : 92.0% | CPU : 10.8%
2025-07-21 15:50:00,461 - WARNING - RAM utilisée : 92.5% | CPU : 7.5%
2025-07-21 15:50:15,527 - WARNING - RAM utilisée : 92.4% | CPU : 8.5%
2025-07-21 15:50:30,565 - WARNING - RAM utilisée : 92.5% | CPU : 9.4%
2025-07-21 15:50:45,616 - WARNING - RAM utilisée : 92.7% | CPU : 7.7%
2025-07-21 15:51:00,695 - WARNING - RAM utilisée : 92.8% | CPU : 7.0%
2025-07-21 15:51:05,147 - WARNING - RAM utilisée : 93.1% | CPU : 0.0%
2025-07-21 15:51:10,985 - WARNING - RAM utilisée : 93.3% | CPU : 8.8%
2025-07-21 15:51:15,742 - WARNING - RAM utilisée : 93.6% | CPU : 11.8%
2025-07-21 15:51:16,807 - WARNING - RAM utilisée : 93.7% | CPU : 15.0%
2025-07-21 15:51:22,678 - WARNING - RAM utilisée : 93.4% | CPU : 9.3%
2025-07-21 15:51:28,515 - WARNING - RAM utilisée : 95.2% | CPU : 10.2%
2025-07-21 15:51:30,837 - WARNING - RAM utilisée : 92.8% | CPU : 13.7%
2025-07-21 15:51:34,337 - WARNING - RAM utilisée : 91.9% | CPU : 24.2%
2025-07-21 15:51:40,178 - WARNING - RAM utilisée : 93.2% | CPU : 38.9%
2025-07-21 15:51:45,899 - WARNING - RAM utilisée : 86.7% | CPU : 27.3%
2025-07-21 15:51:46,045 - WARNING - RAM utilisée : 86.7% | CPU : 20.9%
2025-07-21 15:51:51,946 - WARNING - RAM utilisée : 85.8% | CPU : 24.3%
2025-07-21 15:51:57,783 - WARNING - RAM utilisée : 82.2% | CPU : 15.7%
2025-07-21 15:52:00,969 - WARNING - RAM utilisée : 84.0% | CPU : 20.2%
2025-07-21 15:52:03,536 - WARNING - RAM utilisée : 84.1% | CPU : 19.3%
2025-07-21 15:52:09,302 - WARNING - RAM utilisée : 83.8% | CPU : 22.0%
2025-07-21 15:52:15,085 - WARNING - RAM utilisée : 84.5% | CPU : 12.7%
2025-07-21 15:52:16,087 - WARNING - RAM utilisée : 84.5% | CPU : 16.6%
2025-07-21 15:52:20,858 - WARNING - RAM utilisée : 84.4% | CPU : 7.6%
2025-07-21 15:52:26,618 - WARNING - RAM utilisée : 85.1% | CPU : 7.7%
2025-07-21 15:52:31,149 - WARNING - RAM utilisée : 85.4% | CPU : 8.5%
2025-07-21 15:52:32,382 - WARNING - RAM utilisée : 85.1% | CPU : 10.4%
2025-07-21 15:52:38,128 - WARNING - RAM utilisée : 83.9% | CPU : 8.7%
2025-07-21 15:52:43,943 - WARNING - RAM utilisée : 86.1% | CPU : 18.1%
2025-07-21 15:52:46,203 - WARNING - RAM utilisée : 86.2% | CPU : 12.5%
2025-07-21 15:52:49,731 - WARNING - RAM utilisée : 86.2% | CPU : 11.0%
2025-07-21 15:52:55,581 - WARNING - RAM utilisée : 86.3% | CPU : 18.1%
2025-07-21 15:53:01,249 - WARNING - RAM utilisée : 87.8% | CPU : 18.6%
2025-07-21 15:53:01,569 - WARNING - RAM utilisée : 87.8% | CPU : 23.4%
2025-07-21 15:53:07,595 - WARNING - RAM utilisée : 89.5% | CPU : 18.3%
2025-07-21 15:53:13,519 - WARNING - RAM utilisée : 89.2% | CPU : 21.8%
2025-07-21 15:53:16,369 - WARNING - RAM utilisée : 91.2% | CPU : 22.1%
2025-07-21 15:53:19,366 - WARNING - RAM utilisée : 91.3% | CPU : 26.0%
2025-07-21 15:53:25,192 - WARNING - RAM utilisée : 92.0% | CPU : 16.0%
2025-07-21 15:53:31,027 - WARNING - RAM utilisée : 92.2% | CPU : 15.9%
2025-07-21 15:53:31,442 - WARNING - RAM utilisée : 91.9% | CPU : 17.5%
2025-07-21 15:53:36,781 - WARNING - RAM utilisée : 92.5% | CPU : 13.3%
2025-07-21 15:53:42,573 - WARNING - RAM utilisée : 93.1% | CPU : 18.8%
2025-07-21 15:53:46,556 - WARNING - RAM utilisée : 93.4% | CPU : 14.9%
2025-07-21 15:53:48,361 - WARNING - RAM utilisée : 93.7% | CPU : 11.5%
2025-07-21 15:53:54,227 - WARNING - RAM utilisée : 94.4% | CPU : 13.6%
2025-07-21 15:54:00,099 - WARNING - RAM utilisée : 93.9% | CPU : 19.7%
2025-07-21 15:54:01,617 - WARNING - RAM utilisée : 95.1% | CPU : 17.4%
2025-07-21 15:54:16,694 - WARNING - RAM utilisée : 95.1% | CPU : 46.4%
2025-07-21 15:54:31,949 - WARNING - RAM utilisée : 96.8% | CPU : 89.8%
2025-07-21 15:54:47,414 - WARNING - RAM utilisée : 92.4% | CPU : 49.8%
2025-07-21 15:55:02,497 - WARNING - RAM utilisée : 92.0% | CPU : 34.2%
2025-07-21 15:55:17,609 - WARNING - RAM utilisée : 95.2% | CPU : 82.3%
2025-07-21 15:55:32,773 - WARNING - RAM utilisée : 94.4% | CPU : 89.8%
2025-07-21 15:55:47,933 - WARNING - RAM utilisée : 93.2% | CPU : 100.0%
2025-07-21 15:56:03,413 - WARNING - RAM utilisée : 94.6% | CPU : 100.0%
2025-07-21 15:56:18,838 - WARNING - RAM utilisée : 94.6% | CPU : 99.0%
2025-07-21 15:56:34,000 - WARNING - RAM utilisée : 94.2% | CPU : 88.5%
2025-07-21 15:56:49,123 - WARNING - RAM utilisée : 90.5% | CPU : 75.7%
2025-07-21 15:57:04,243 - WARNING - RAM utilisée : 83.2% | CPU : 65.3%
2025-07-21 15:57:19,347 - WARNING - RAM utilisée : 83.7% | CPU : 34.1%
2025-07-21 15:57:34,419 - WARNING - RAM utilisée : 84.5% | CPU : 23.0%
2025-07-21 15:57:49,514 - WARNING - RAM utilisée : 85.4% | CPU : 21.5%
2025-07-21 15:58:04,742 - WARNING - RAM utilisée : 84.6% | CPU : 54.8%
2025-07-21 15:58:19,966 - WARNING - RAM utilisée : 91.7% | CPU : 99.6%
2025-07-21 15:58:35,210 - WARNING - RAM utilisée : 94.7% | CPU : 99.8%
2025-07-21 15:58:50,390 - WARNING - RAM utilisée : 93.6% | CPU : 96.3%
2025-07-21 15:59:05,480 - WARNING - RAM utilisée : 96.0% | CPU : 81.8%
2025-07-21 15:59:20,745 - WARNING - RAM utilisée : 91.4% | CPU : 76.1%
2025-07-21 15:59:35,958 - WARNING - RAM utilisée : 92.3% | CPU : 63.2%
2025-07-21 15:59:51,408 - WARNING - RAM utilisée : 93.9% | CPU : 43.4%
2025-07-21 16:00:06,655 - WARNING - RAM utilisée : 95.6% | CPU : 99.9%
2025-07-21 16:00:23,330 - WARNING - RAM utilisée : 96.6% | CPU : 100.0%
2025-07-21 16:00:38,678 - WARNING - RAM utilisée : 94.5% | CPU : 99.9%
2025-07-21 16:00:54,118 - WARNING - RAM utilisée : 93.5% | CPU : 100.0%
2025-07-21 16:01:09,370 - WARNING - RAM utilisée : 94.7% | CPU : 99.5%
2025-07-21 16:01:24,495 - WARNING - RAM utilisée : 93.6% | CPU : 61.4%
2025-07-21 16:01:39,646 - WARNING - RAM utilisée : 92.8% | CPU : 56.4%
2025-07-21 16:01:54,818 - WARNING - RAM utilisée : 90.6% | CPU : 76.6%
2025-07-21 16:02:10,048 - WARNING - RAM utilisée : 85.3% | CPU : 74.6%
2025-07-21 16:02:25,325 - WARNING - RAM utilisée : 85.9% | CPU : 74.5%
2025-07-21 16:02:40,557 - WARNING - RAM utilisée : 86.1% | CPU : 64.6%
2025-07-21 16:02:55,755 - WARNING - RAM utilisée : 87.1% | CPU : 54.2%
2025-07-21 16:03:10,836 - WARNING - RAM utilisée : 90.6% | CPU : 55.4%
2025-07-21 16:03:26,200 - WARNING - RAM utilisée : 92.9% | CPU : 69.3%
2025-07-21 16:03:41,339 - WARNING - RAM utilisée : 89.9% | CPU : 56.5%
2025-07-21 16:03:56,395 - WARNING - RAM utilisée : 92.9% | CPU : 20.3%
2025-07-21 16:04:11,541 - WARNING - RAM utilisée : 96.0% | CPU : 61.0%
2025-07-21 16:04:26,680 - WARNING - RAM utilisée : 97.1% | CPU : 86.4%
2025-07-21 16:04:41,865 - WARNING - RAM utilisée : 91.9% | CPU : 97.7%
2025-07-21 16:04:57,209 - WARNING - RAM utilisée : 86.3% | CPU : 81.8%
2025-07-21 16:05:12,455 - WARNING - RAM utilisée : 85.1% | CPU : 47.5%
2025-07-21 16:05:17,483 - WARNING - \U0001f535 SL trailing mis à jour à 0.3075$ (orderId: 13483688267)
2025-07-21 16:05:27,507 - WARNING - RAM utilisée : 85.3% | CPU : 15.0%
2025-07-21 16:05:42,561 - WARNING - RAM utilisée : 93.6% | CPU : 26.6%
2025-07-21 16:05:57,710 - WARNING - RAM utilisée : 94.6% | CPU : 55.3%
2025-07-21 16:06:12,785 - WARNING - RAM utilisée : 94.7% | CPU : 40.1%
2025-07-21 16:06:28,187 - WARNING - RAM utilisée : 92.2% | CPU : 46.8%
2025-07-21 16:06:43,442 - WARNING - RAM utilisée : 85.2% | CPU : 23.3%
2025-07-21 16:06:58,510 - WARNING - RAM utilisée : 84.6% | CPU : 25.1%
2025-07-21 16:07:13,597 - WARNING - RAM utilisée : 87.6% | CPU : 34.1%
2025-07-21 16:07:28,762 - WARNING - RAM utilisée : 84.1% | CPU : 19.1%
2025-07-21 16:07:43,827 - WARNING - RAM utilisée : 84.9% | CPU : 17.3%
2025-07-21 16:07:58,927 - WARNING - RAM utilisée : 89.4% | CPU : 22.9%
2025-07-21 16:08:14,150 - WARNING - RAM utilisée : 88.3% | CPU : 22.6%
2025-07-21 16:08:29,245 - WARNING - RAM utilisée : 89.3% | CPU : 13.0%
2025-07-21 16:08:44,307 - WARNING - RAM utilisée : 89.7% | CPU : 7.6%
2025-07-21 16:08:59,374 - WARNING - RAM utilisée : 92.3% | CPU : 12.8%
2025-07-21 16:09:14,432 - WARNING - RAM utilisée : 91.9% | CPU : 38.4%
2025-07-21 16:09:29,538 - WARNING - RAM utilisée : 92.2% | CPU : 11.7%
2025-07-21 16:09:44,591 - WARNING - RAM utilisée : 93.4% | CPU : 9.9%
2025-07-21 16:09:59,634 - WARNING - RAM utilisée : 93.1% | CPU : 15.0%
2025-07-21 16:10:14,714 - WARNING - RAM utilisée : 94.9% | CPU : 26.6%
2025-07-21 16:10:29,802 - WARNING - RAM utilisée : 92.1% | CPU : 18.2%
2025-07-21 16:10:44,860 - WARNING - RAM utilisée : 92.7% | CPU : 21.4%
2025-07-21 16:10:59,936 - WARNING - RAM utilisée : 93.3% | CPU : 19.0%
2025-07-21 16:11:15,039 - WARNING - RAM utilisée : 89.1% | CPU : 21.2%
2025-07-21 16:11:30,166 - WARNING - RAM utilisée : 90.3% | CPU : 19.3%
2025-07-21 16:11:45,224 - WARNING - RAM utilisée : 89.4% | CPU : 28.1%
2025-07-21 16:12:00,324 - WARNING - RAM utilisée : 85.9% | CPU : 11.8%
2025-07-21 16:12:15,386 - WARNING - RAM utilisée : 89.5% | CPU : 30.8%
2025-07-21 16:12:30,485 - WARNING - RAM utilisée : 90.7% | CPU : 54.3%
2025-07-21 16:12:45,618 - WARNING - RAM utilisée : 89.7% | CPU : 9.6%
2025-07-21 16:13:00,694 - WARNING - RAM utilisée : 88.6% | CPU : 8.9%
2025-07-21 16:13:15,754 - WARNING - RAM utilisée : 90.1% | CPU : 11.7%
2025-07-21 16:13:30,805 - WARNING - RAM utilisée : 90.4% | CPU : 8.2%
2025-07-21 16:13:45,859 - WARNING - RAM utilisée : 90.7% | CPU : 40.7%
2025-07-21 16:14:00,961 - WARNING - RAM utilisée : 94.1% | CPU : 85.5%
2025-07-21 16:14:16,066 - WARNING - RAM utilisée : 95.2% | CPU : 90.5%
2025-07-21 16:14:31,208 - WARNING - RAM utilisée : 91.4% | CPU : 99.8%
2025-07-21 16:14:46,320 - WARNING - RAM utilisée : 86.8% | CPU : 27.5%
2025-07-21 16:15:01,404 - WARNING - RAM utilisée : 85.7% | CPU : 8.7%
2025-07-21 16:15:16,446 - WARNING - RAM utilisée : 91.7% | CPU : 20.0%
2025-07-21 16:15:31,486 - WARNING - RAM utilisée : 92.8% | CPU : 12.7%
2025-07-21 16:15:46,569 - WARNING - RAM utilisée : 93.4% | CPU : 13.4%
2025-07-21 16:16:01,652 - WARNING - RAM utilisée : 93.4% | CPU : 11.1%
2025-07-21 16:16:16,723 - WARNING - RAM utilisée : 94.2% | CPU : 19.6%
2025-07-21 16:16:31,788 - WARNING - RAM utilisée : 94.0% | CPU : 15.8%
2025-07-21 16:16:46,944 - WARNING - RAM utilisée : 94.7% | CPU : 34.8%
2025-07-21 16:17:02,006 - WARNING - RAM utilisée : 89.6% | CPU : 85.8%
2025-07-21 16:17:17,172 - WARNING - RAM utilisée : 88.4% | CPU : 49.1%
2025-07-21 16:17:32,304 - WARNING - RAM utilisée : 91.5% | CPU : 42.2%
2025-07-21 16:17:47,428 - WARNING - RAM utilisée : 92.2% | CPU : 17.4%
2025-07-21 16:18:02,554 - WARNING - RAM utilisée : 94.7% | CPU : 47.4%
2025-07-21 16:18:17,701 - WARNING - RAM utilisée : 93.5% | CPU : 82.7%
2025-07-21 16:18:32,760 - WARNING - RAM utilisée : 92.6% | CPU : 47.1%
2025-07-21 16:18:47,837 - WARNING - RAM utilisée : 93.0% | CPU : 13.9%
2025-07-21 16:19:02,911 - WARNING - RAM utilisée : 93.8% | CPU : 12.1%
2025-07-21 16:19:17,994 - WARNING - RAM utilisée : 94.0% | CPU : 10.1%
2025-07-21 16:19:33,079 - WARNING - RAM utilisée : 92.3% | CPU : 22.0%
2025-07-21 16:19:48,366 - WARNING - RAM utilisée : 95.0% | CPU : 75.6%
2025-07-21 16:20:03,964 - WARNING - RAM utilisée : 96.5% | CPU : 100.0%
2025-07-21 16:20:19,095 - WARNING - RAM utilisée : 94.0% | CPU : 100.0%
2025-07-21 16:20:34,550 - WARNING - RAM utilisée : 94.2% | CPU : 100.0%
2025-07-21 16:20:49,772 - WARNING - RAM utilisée : 97.6% | CPU : 100.0%
2025-07-21 16:21:04,894 - WARNING - RAM utilisée : 97.4% | CPU : 100.0%
2025-07-21 16:21:20,320 - WARNING - RAM utilisée : 99.2% | CPU : 100.0%
2025-07-21 16:21:35,570 - WARNING - RAM utilisée : 96.0% | CPU : 100.0%
2025-07-21 16:21:50,652 - WARNING - RAM utilisée : 97.5% | CPU : 100.0%
2025-07-21 16:22:05,893 - WARNING - RAM utilisée : 96.7% | CPU : 98.3%
2025-07-21 16:22:21,062 - WARNING - RAM utilisée : 93.6% | CPU : 50.1%
2025-07-21 16:22:36,195 - WARNING - RAM utilisée : 94.7% | CPU : 39.7%
2025-07-21 16:22:51,422 - WARNING - RAM utilisée : 94.4% | CPU : 46.9%
2025-07-21 16:23:06,502 - WARNING - RAM utilisée : 91.0% | CPU : 21.6%
2025-07-21 16:23:21,552 - WARNING - RAM utilisée : 93.6% | CPU : 19.5%
2025-07-21 16:23:36,670 - WARNING - RAM utilisée : 96.8% | CPU : 30.9%
2025-07-21 16:23:52,163 - WARNING - RAM utilisée : 97.6% | CPU : 100.0%
2025-07-21 16:24:07,486 - WARNING - RAM utilisée : 98.9% | CPU : 100.0%
2025-07-21 16:24:22,703 - WARNING - RAM utilisée : 97.8% | CPU : 100.0%
2025-07-21 16:24:38,193 - WARNING - RAM utilisée : 97.7% | CPU : 100.0%
2025-07-21 16:24:53,516 - WARNING - RAM utilisée : 73.2% | CPU : 97.5%
2025-07-21 16:25:08,578 - WARNING - RAM utilisée : 72.5% | CPU : 24.8%
2025-07-21 16:25:23,710 - WARNING - RAM utilisée : 77.4% | CPU : 33.9%
2025-07-21 16:25:38,800 - WARNING - RAM utilisée : 84.4% | CPU : 64.4%
2025-07-21 16:25:54,076 - WARNING - RAM utilisée : 89.1% | CPU : 84.8%
2025-07-21 16:26:09,498 - WARNING - RAM utilisée : 75.7% | CPU : 56.6%
2025-07-21 16:26:24,672 - WARNING - RAM utilisée : 81.4% | CPU : 45.2%
2025-07-21 16:26:39,859 - WARNING - RAM utilisée : 84.0% | CPU : 51.5%
2025-07-21 16:26:54,953 - WARNING - RAM utilisée : 84.5% | CPU : 57.1%
2025-07-21 16:27:10,035 - WARNING - RAM utilisée : 84.3% | CPU : 39.2%
2025-07-21 16:27:25,170 - WARNING - RAM utilisée : 85.9% | CPU : 39.5%
2025-07-21 16:27:40,247 - WARNING - RAM utilisée : 90.9% | CPU : 38.0%
2025-07-21 16:27:55,420 - WARNING - RAM utilisée : 93.3% | CPU : 83.8%
2025-07-21 16:28:10,507 - WARNING - RAM utilisée : 93.6% | CPU : 49.1%
2025-07-21 16:28:25,656 - WARNING - RAM utilisée : 93.4% | CPU : 20.6%
2025-07-21 16:28:40,728 - WARNING - RAM utilisée : 94.2% | CPU : 24.9%
2025-07-21 16:28:55,852 - WARNING - RAM utilisée : 94.9% | CPU : 67.8%
2025-07-21 16:29:11,076 - WARNING - RAM utilisée : 94.4% | CPU : 37.0%
2025-07-21 16:29:26,155 - WARNING - RAM utilisée : 90.7% | CPU : 19.3%
2025-07-21 16:29:41,237 - WARNING - RAM utilisée : 91.7% | CPU : 13.0%
2025-07-21 16:29:56,299 - WARNING - RAM utilisée : 92.7% | CPU : 24.9%
2025-07-21 16:30:11,405 - WARNING - RAM utilisée : 95.5% | CPU : 48.7%
2025-07-21 16:30:26,578 - WARNING - RAM utilisée : 95.3% | CPU : 75.3%
2025-07-21 16:30:41,807 - WARNING - RAM utilisée : 94.0% | CPU : 38.9%
2025-07-21 16:30:56,904 - WARNING - RAM utilisée : 94.9% | CPU : 35.4%
2025-07-21 16:31:11,976 - WARNING - RAM utilisée : 94.1% | CPU : 42.4%
2025-07-21 16:31:27,146 - WARNING - RAM utilisée : 93.0% | CPU : 43.6%
2025-07-21 16:31:42,324 - WARNING - RAM utilisée : 89.8% | CPU : 17.7%
2025-07-21 16:31:57,426 - WARNING - RAM utilisée : 87.8% | CPU : 23.7%
2025-07-21 16:32:12,570 - WARNING - RAM utilisée : 83.7% | CPU : 37.2%
2025-07-21 16:32:27,778 - WARNING - RAM utilisée : 86.9% | CPU : 35.2%
2025-07-21 16:32:42,906 - WARNING - RAM utilisée : 83.6% | CPU : 37.8%
2025-07-21 16:32:57,982 - WARNING - RAM utilisée : 86.9% | CPU : 14.7%
2025-07-21 16:33:13,151 - WARNING - RAM utilisée : 95.9% | CPU : 67.3%
2025-07-21 16:33:28,360 - WARNING - RAM utilisée : 90.9% | CPU : 81.2%
2025-07-21 16:33:43,440 - WARNING - RAM utilisée : 94.9% | CPU : 76.4%
2025-07-21 16:33:58,659 - WARNING - RAM utilisée : 92.6% | CPU : 72.0%
2025-07-21 16:34:13,768 - WARNING - RAM utilisée : 93.6% | CPU : 58.7%
2025-07-21 16:34:28,828 - WARNING - RAM utilisée : 90.6% | CPU : 51.4%
2025-07-21 16:34:43,952 - WARNING - RAM utilisée : 91.2% | CPU : 18.9%
2025-07-21 16:34:59,018 - WARNING - RAM utilisée : 91.2% | CPU : 8.2%
2025-07-21 16:35:14,076 - WARNING - RAM utilisée : 90.8% | CPU : 6.8%
2025-07-21 16:35:29,119 - WARNING - RAM utilisée : 88.1% | CPU : 7.8%
2025-07-21 16:35:44,171 - WARNING - RAM utilisée : 87.3% | CPU : 11.0%
2025-07-21 16:35:59,229 - WARNING - RAM utilisée : 89.3% | CPU : 19.0%
2025-07-21 16:36:14,271 - WARNING - RAM utilisée : 88.6% | CPU : 8.9%
2025-07-21 16:36:29,355 - WARNING - RAM utilisée : 92.4% | CPU : 10.6%
2025-07-21 16:36:44,414 - WARNING - RAM utilisée : 94.5% | CPU : 13.7%
2025-07-21 16:36:59,468 - WARNING - RAM utilisée : 84.8% | CPU : 12.4%
2025-07-21 16:37:14,554 - WARNING - RAM utilisée : 87.4% | CPU : 14.7%
2025-07-21 16:37:29,642 - WARNING - RAM utilisée : 88.0% | CPU : 29.7%
2025-07-21 16:37:44,749 - WARNING - RAM utilisée : 88.3% | CPU : 12.2%
2025-07-21 16:37:59,813 - WARNING - RAM utilisée : 89.0% | CPU : 18.7%
2025-07-21 16:38:14,996 - WARNING - RAM utilisée : 90.9% | CPU : 38.2%
2025-07-21 16:38:30,152 - WARNING - RAM utilisée : 91.5% | CPU : 56.9%
2025-07-21 16:38:45,220 - WARNING - RAM utilisée : 91.8% | CPU : 20.7%
2025-07-21 16:39:00,311 - WARNING - RAM utilisée : 93.0% | CPU : 21.5%
2025-07-21 16:39:15,390 - WARNING - RAM utilisée : 91.8% | CPU : 10.9%
2025-07-21 16:39:30,450 - WARNING - RAM utilisée : 92.4% | CPU : 12.2%
2025-07-21 16:39:45,521 - WARNING - RAM utilisée : 92.8% | CPU : 47.6%
2025-07-21 16:40:00,613 - WARNING - RAM utilisée : 93.3% | CPU : 28.5%
2025-07-21 16:40:15,697 - WARNING - RAM utilisée : 92.9% | CPU : 31.2%
2025-07-21 16:40:30,820 - WARNING - RAM utilisée : 91.9% | CPU : 39.5%
2025-07-21 16:40:45,896 - WARNING - RAM utilisée : 93.1% | CPU : 48.0%
2025-07-21 16:41:00,975 - WARNING - RAM utilisée : 93.6% | CPU : 10.7%
2025-07-21 16:41:16,188 - WARNING - RAM utilisée : 94.7% | CPU : 50.9%
2025-07-21 16:41:31,298 - WARNING - RAM utilisée : 86.9% | CPU : 31.1%
2025-07-21 16:41:46,380 - WARNING - RAM utilisée : 91.2% | CPU : 13.8%
2025-07-21 16:42:01,443 - WARNING - RAM utilisée : 85.4% | CPU : 14.7%
2025-07-21 16:42:16,497 - WARNING - RAM utilisée : 64.4% | CPU : 79.1%
2025-07-21 16:42:31,835 - WARNING - RAM utilisée : 77.6% | CPU : 68.7%
2025-07-21 16:42:47,006 - WARNING - RAM utilisée : 81.6% | CPU : 93.8%
2025-07-21 16:43:02,158 - WARNING - RAM utilisée : 84.3% | CPU : 100.0%
2025-07-21 16:43:17,423 - WARNING - RAM utilisée : 89.7% | CPU : 98.2%
2025-07-21 16:43:32,562 - WARNING - RAM utilisée : 93.0% | CPU : 96.0%
2025-07-21 16:43:47,939 - WARNING - RAM utilisée : 95.1% | CPU : 68.3%
2025-07-21 16:44:03,189 - WARNING - RAM utilisée : 95.9% | CPU : 65.6%
2025-07-21 16:44:18,450 - WARNING - RAM utilisée : 94.7% | CPU : 77.5%
2025-07-21 16:44:33,529 - WARNING - RAM utilisée : 96.1% | CPU : 66.3%
2025-07-21 16:44:48,640 - WARNING - RAM utilisée : 93.8% | CPU : 48.0%
2025-07-21 16:45:03,718 - WARNING - RAM utilisée : 92.9% | CPU : 21.1%
2025-07-21 16:45:18,796 - WARNING - RAM utilisée : 90.9% | CPU : 19.6%
2025-07-21 16:45:33,851 - WARNING - RAM utilisée : 94.0% | CPU : 27.2%
2025-07-21 16:45:48,974 - WARNING - RAM utilisée : 91.7% | CPU : 23.0%
2025-07-21 16:46:04,386 - WARNING - RAM utilisée : 90.3% | CPU : 77.1%
2025-07-21 16:46:19,507 - WARNING - RAM utilisée : 90.2% | CPU : 28.5%
2025-07-21 16:46:34,577 - WARNING - RAM utilisée : 94.7% | CPU : 19.7%
2025-07-21 16:46:49,671 - WARNING - RAM utilisée : 94.3% | CPU : 28.3%
2025-07-21 16:47:04,716 - WARNING - RAM utilisée : 88.2% | CPU : 21.1%
2025-07-21 16:47:19,797 - WARNING - RAM utilisée : 82.2% | CPU : 23.8%
2025-07-21 16:47:34,864 - WARNING - RAM utilisée : 84.9% | CPU : 33.8%
2025-07-21 16:47:49,998 - WARNING - RAM utilisée : 90.0% | CPU : 45.8%
2025-07-21 16:48:05,068 - WARNING - RAM utilisée : 90.7% | CPU : 28.4%
2025-07-21 16:48:20,153 - WARNING - RAM utilisée : 95.4% | CPU : 62.1%
2025-07-21 16:48:35,303 - WARNING - RAM utilisée : 93.4% | CPU : 76.6%
2025-07-21 16:48:50,492 - WARNING - RAM utilisée : 93.1% | CPU : 32.0%
2025-07-21 16:49:05,592 - WARNING - RAM utilisée : 89.2% | CPU : 9.8%
2025-07-21 16:49:20,642 - WARNING - RAM utilisée : 92.7% | CPU : 17.9%
2025-07-21 16:49:35,767 - WARNING - RAM utilisée : 90.8% | CPU : 9.6%
2025-07-21 16:49:50,832 - WARNING - RAM utilisée : 89.7% | CPU : 7.5%
2025-07-21 16:50:05,871 - WARNING - RAM utilisée : 90.5% | CPU : 21.7%
2025-07-21 16:50:20,932 - WARNING - RAM utilisée : 89.7% | CPU : 9.8%
2025-07-21 16:50:35,979 - WARNING - RAM utilisée : 92.8% | CPU : 15.4%
2025-07-21 16:50:51,053 - WARNING - RAM utilisée : 96.5% | CPU : 25.0%
2025-07-21 16:51:06,177 - WARNING - RAM utilisée : 94.1% | CPU : 34.9%
2025-07-21 16:51:21,278 - WARNING - RAM utilisée : 93.8% | CPU : 36.8%
2025-07-21 16:51:36,350 - WARNING - RAM utilisée : 95.4% | CPU : 34.6%
2025-07-21 16:51:51,464 - WARNING - RAM utilisée : 95.3% | CPU : 43.1%
2025-07-21 16:52:06,606 - WARNING - RAM utilisée : 87.6% | CPU : 18.6%
2025-07-21 16:52:21,664 - WARNING - RAM utilisée : 89.4% | CPU : 27.3%
2025-07-21 16:52:36,754 - WARNING - RAM utilisée : 89.7% | CPU : 31.5%
2025-07-21 16:52:51,914 - WARNING - RAM utilisée : 93.6% | CPU : 18.9%
2025-07-21 16:53:07,028 - WARNING - RAM utilisée : 91.6% | CPU : 20.1%
2025-07-21 16:53:22,203 - WARNING - RAM utilisée : 94.9% | CPU : 34.2%
2025-07-21 16:53:37,353 - WARNING - RAM utilisée : 97.6% | CPU : 38.8%
2025-07-21 16:53:52,519 - WARNING - RAM utilisée : 85.4% | CPU : 29.0%
2025-07-21 16:54:07,612 - WARNING - RAM utilisée : 87.9% | CPU : 26.9%
2025-07-21 16:54:22,716 - WARNING - RAM utilisée : 88.0% | CPU : 33.8%
2025-07-21 16:54:37,767 - WARNING - RAM utilisée : 86.9% | CPU : 12.0%
2025-07-21 16:54:52,981 - WARNING - RAM utilisée : 90.0% | CPU : 33.1%
2025-07-21 16:55:08,147 - WARNING - RAM utilisée : 90.7% | CPU : 25.4%
2025-07-21 16:55:23,201 - WARNING - RAM utilisée : 91.3% | CPU : 9.5%
2025-07-21 16:55:38,268 - WARNING - RAM utilisée : 91.1% | CPU : 15.1%
2025-07-21 16:55:53,321 - WARNING - RAM utilisée : 92.5% | CPU : 12.8%
2025-07-21 16:56:08,377 - WARNING - RAM utilisée : 91.3% | CPU : 12.0%
2025-07-21 16:56:23,474 - WARNING - RAM utilisée : 95.3% | CPU : 25.2%
2025-07-21 16:56:38,591 - WARNING - RAM utilisée : 94.0% | CPU : 35.3%
2025-07-21 16:56:53,655 - WARNING - RAM utilisée : 92.3% | CPU : 11.4%
2025-07-21 16:57:08,703 - WARNING - RAM utilisée : 86.4% | CPU : 30.0%
2025-07-21 16:57:23,820 - WARNING - RAM utilisée : 87.3% | CPU : 26.3%
2025-07-21 16:57:38,878 - WARNING - RAM utilisée : 84.6% | CPU : 18.0%
2025-07-21 16:57:53,921 - WARNING - RAM utilisée : 89.4% | CPU : 14.7%
2025-07-21 16:58:08,991 - WARNING - RAM utilisée : 89.8% | CPU : 10.5%
2025-07-21 16:58:24,081 - WARNING - RAM utilisée : 91.5% | CPU : 19.2%
2025-07-21 16:58:39,166 - WARNING - RAM utilisée : 89.6% | CPU : 10.5%
2025-07-21 16:58:54,227 - WARNING - RAM utilisée : 90.2% | CPU : 10.4%
2025-07-21 16:59:09,286 - WARNING - RAM utilisée : 91.0% | CPU : 9.4%
2025-07-21 16:59:24,394 - WARNING - RAM utilisée : 91.3% | CPU : 9.4%
2025-07-21 16:59:39,448 - WARNING - RAM utilisée : 91.6% | CPU : 16.6%
2025-07-21 16:59:54,572 - WARNING - RAM utilisée : 92.0% | CPU : 17.9%
2025-07-21 17:00:09,679 - WARNING - RAM utilisée : 92.6% | CPU : 33.7%
2025-07-21 17:00:24,737 - WARNING - RAM utilisée : 87.3% | CPU : 12.5%
2025-07-21 17:00:39,784 - WARNING - RAM utilisée : 89.0% | CPU : 13.4%
2025-07-21 17:00:54,837 - WARNING - RAM utilisée : 91.5% | CPU : 18.6%
2025-07-21 17:01:09,898 - WARNING - RAM utilisée : 91.7% | CPU : 37.4%
2025-07-21 17:01:24,989 - WARNING - RAM utilisée : 91.9% | CPU : 17.3%
2025-07-21 17:01:40,070 - WARNING - RAM utilisée : 90.9% | CPU : 9.8%
2025-07-21 17:01:55,163 - WARNING - RAM utilisée : 90.7% | CPU : 14.4%
2025-07-21 17:02:10,320 - WARNING - RAM utilisée : 92.7% | CPU : 38.2%
2025-07-21 17:02:25,586 - WARNING - RAM utilisée : 92.5% | CPU : 99.0%
2025-07-21 17:02:40,686 - WARNING - RAM utilisée : 92.8% | CPU : 56.5%
2025-07-21 17:02:55,936 - WARNING - RAM utilisée : 92.7% | CPU : 25.2%
2025-07-21 17:03:10,990 - WARNING - RAM utilisée : 90.5% | CPU : 11.4%
2025-07-21 17:03:26,055 - WARNING - RAM utilisée : 95.1% | CPU : 18.8%
2025-07-21 17:03:41,112 - WARNING - RAM utilisée : 95.5% | CPU : 12.3%
2025-07-21 17:03:56,277 - WARNING - RAM utilisée : 96.4% | CPU : 30.4%
2025-07-21 17:04:11,385 - WARNING - RAM utilisée : 90.2% | CPU : 78.7%
2025-07-21 17:04:26,478 - WARNING - RAM utilisée : 89.7% | CPU : 64.3%
2025-07-21 17:04:41,553 - WARNING - RAM utilisée : 89.3% | CPU : 58.2%
2025-07-21 17:04:56,646 - WARNING - RAM utilisée : 90.6% | CPU : 46.6%
2025-07-21 17:05:11,727 - WARNING - RAM utilisée : 92.1% | CPU : 76.1%
2025-07-21 17:05:27,057 - WARNING - RAM utilisée : 96.0% | CPU : 88.5%
2025-07-21 17:05:42,680 - WARNING - RAM utilisée : 94.0% | CPU : 99.8%
2025-07-21 17:05:58,057 - WARNING - RAM utilisée : 91.5% | CPU : 81.1%
2025-07-21 17:06:13,177 - WARNING - RAM utilisée : 91.6% | CPU : 66.4%
2025-07-21 17:06:28,253 - WARNING - RAM utilisée : 94.2% | CPU : 45.1%
2025-07-21 17:06:43,393 - WARNING - RAM utilisée : 95.6% | CPU : 50.1%
2025-07-21 17:06:58,522 - WARNING - RAM utilisée : 92.1% | CPU : 76.5%
2025-07-21 17:07:13,689 - WARNING - RAM utilisée : 86.2% | CPU : 45.2%
2025-07-21 17:07:28,999 - WARNING - RAM utilisée : 82.7% | CPU : 62.0%
2025-07-21 17:07:44,162 - WARNING - RAM utilisée : 82.6% | CPU : 46.8%
2025-07-21 17:07:59,411 - WARNING - RAM utilisée : 83.3% | CPU : 45.6%
2025-07-21 17:08:14,685 - WARNING - RAM utilisée : 85.4% | CPU : 58.3%
2025-07-21 17:08:29,787 - WARNING - RAM utilisée : 83.9% | CPU : 35.6%
2025-07-21 17:08:45,121 - WARNING - RAM utilisée : 85.7% | CPU : 57.0%
2025-07-21 17:09:00,425 - WARNING - RAM utilisée : 84.8% | CPU : 39.4%
2025-07-21 17:09:15,576 - WARNING - RAM utilisée : 86.2% | CPU : 22.6%
2025-07-21 17:09:30,711 - WARNING - RAM utilisée : 85.8% | CPU : 41.4%
2025-07-21 17:09:45,809 - WARNING - RAM utilisée : 84.0% | CPU : 15.2%
2025-07-21 17:10:00,907 - WARNING - RAM utilisée : 85.2% | CPU : 30.2%
2025-07-21 17:10:15,991 - WARNING - RAM utilisée : 85.9% | CPU : 29.8%
2025-07-21 17:10:31,136 - WARNING - RAM utilisée : 86.8% | CPU : 52.1%
2025-07-21 17:10:46,360 - WARNING - RAM utilisée : 85.8% | CPU : 44.7%
2025-07-21 17:11:01,550 - WARNING - RAM utilisée : 90.1% | CPU : 74.5%
2025-07-21 17:11:16,674 - WARNING - RAM utilisée : 94.9% | CPU : 92.2%
2025-07-21 17:11:31,825 - WARNING - RAM utilisée : 90.4% | CPU : 70.1%
2025-07-21 17:11:46,903 - WARNING - RAM utilisée : 92.0% | CPU : 22.7%
2025-07-21 17:12:01,976 - WARNING - RAM utilisée : 93.4% | CPU : 22.7%
2025-07-21 17:12:17,303 - WARNING - RAM utilisée : 91.4% | CPU : 80.0%
2025-07-21 17:12:32,444 - WARNING - RAM utilisée : 91.5% | CPU : 63.1%
2025-07-21 17:12:47,565 - WARNING - RAM utilisée : 89.3% | CPU : 44.7%
2025-07-21 17:13:02,766 - WARNING - RAM utilisée : 90.6% | CPU : 41.3%
2025-07-21 17:13:17,866 - WARNING - RAM utilisée : 91.3% | CPU : 31.4%
2025-07-21 17:13:32,916 - WARNING - RAM utilisée : 91.2% | CPU : 10.8%
2025-07-21 17:13:47,962 - WARNING - RAM utilisée : 91.5% | CPU : 12.1%
2025-07-21 17:14:03,039 - WARNING - RAM utilisée : 93.3% | CPU : 31.1%
2025-07-21 17:14:18,145 - WARNING - RAM utilisée : 94.7% | CPU : 82.4%
2025-07-21 17:14:33,287 - WARNING - RAM utilisée : 93.7% | CPU : 25.8%
2025-07-21 17:14:48,375 - WARNING - RAM utilisée : 93.9% | CPU : 14.4%
2025-07-21 17:15:03,454 - WARNING - RAM utilisée : 96.1% | CPU : 38.9%
2025-07-21 17:15:18,763 - WARNING - RAM utilisée : 94.8% | CPU : 68.7%
2025-07-21 17:15:33,853 - WARNING - RAM utilisée : 93.8% | CPU : 21.2%
2025-07-21 17:15:48,925 - WARNING - RAM utilisée : 93.6% | CPU : 12.4%
2025-07-21 17:16:04,008 - WARNING - RAM utilisée : 94.0% | CPU : 13.6%
2025-07-21 17:16:19,057 - WARNING - RAM utilisée : 91.9% | CPU : 36.8%
2025-07-21 17:16:34,164 - WARNING - RAM utilisée : 91.0% | CPU : 11.2%
2025-07-21 17:16:49,235 - WARNING - RAM utilisée : 91.3% | CPU : 10.9%
2025-07-21 17:17:04,331 - WARNING - RAM utilisée : 93.6% | CPU : 10.9%
2025-07-21 17:17:19,432 - WARNING - RAM utilisée : 87.8% | CPU : 26.0%
2025-07-21 17:17:34,569 - WARNING - RAM utilisée : 89.0% | CPU : 39.9%
2025-07-21 17:17:49,635 - WARNING - RAM utilisée : 90.4% | CPU : 25.6%
2025-07-21 17:18:04,693 - WARNING - RAM utilisée : 88.2% | CPU : 15.1%
2025-07-21 17:18:19,766 - WARNING - RAM utilisée : 92.9% | CPU : 55.4%
2025-07-21 17:18:34,828 - WARNING - RAM utilisée : 92.6% | CPU : 11.9%
2025-07-21 17:18:49,896 - WARNING - RAM utilisée : 93.3% | CPU : 15.8%
2025-07-21 17:19:04,941 - WARNING - RAM utilisée : 92.2% | CPU : 18.4%
2025-07-21 17:19:20,012 - WARNING - RAM utilisée : 86.9% | CPU : 9.2%
2025-07-21 17:19:35,075 - WARNING - RAM utilisée : 87.5% | CPU : 7.7%
2025-07-21 17:19:50,154 - WARNING - RAM utilisée : 91.6% | CPU : 15.6%
2025-07-21 17:20:05,199 - WARNING - RAM utilisée : 93.9% | CPU : 22.5%
2025-07-21 17:20:20,307 - WARNING - RAM utilisée : 91.5% | CPU : 22.3%
2025-07-21 17:20:35,363 - WARNING - RAM utilisée : 91.1% | CPU : 9.3%
2025-07-21 17:20:50,476 - WARNING - RAM utilisée : 88.1% | CPU : 10.3%
2025-07-21 17:21:05,552 - WARNING - RAM utilisée : 88.2% | CPU : 8.5%
2025-07-21 17:21:20,617 - WARNING - RAM utilisée : 90.9% | CPU : 19.3%
2025-07-21 17:21:35,683 - WARNING - RAM utilisée : 91.1% | CPU : 10.3%
2025-07-21 17:21:50,725 - WARNING - RAM utilisée : 89.1% | CPU : 7.5%
2025-07-21 17:22:05,796 - WARNING - RAM utilisée : 89.2% | CPU : 9.1%
2025-07-21 17:22:20,852 - WARNING - RAM utilisée : 85.3% | CPU : 12.0%
2025-07-21 17:22:35,928 - WARNING - RAM utilisée : 89.8% | CPU : 35.8%
2025-07-21 17:22:51,058 - WARNING - RAM utilisée : 88.1% | CPU : 30.9%
2025-07-21 17:23:06,109 - WARNING - RAM utilisée : 88.2% | CPU : 19.4%
2025-07-21 17:23:21,178 - WARNING - RAM utilisée : 88.1% | CPU : 9.9%
2025-07-21 17:23:33,448 - WARNING - \U0001f534 Arrêt demandé. Fermeture en cours...
2025-07-21 17:23:33,448 - WARNING - \U0001f534 Arrêt du bot demandé...
2025-07-21 17:23:34,438 - WARNING - \U0001f7e2 Tous les threads arrêtés.
2025-07-21 17:23:34,440 - WARNING - \U0001f7e2 Tous les composants ont été arrêtés proprement.
